<?xml version="1.0" encoding="UTF-8"?>
<testng-results ignored="10" total="17" passed="7" failed="0" skipped="0">
  <reporter-output>
  </reporter-output>
  <suite started-at="2021-02-24T17:04:21Z" name="Suite" finished-at="2021-02-24T17:04:29Z" duration-ms="7857">
    <groups>
    </groups>
    <test started-at="2021-02-24T17:04:21Z" name="Test" finished-at="2021-02-24T17:04:29Z" duration-ms="7857">
      <class name="com.pyxispm.testcases.User">
        <test-method signature="getUserDetails()[pri:0, instance:com.pyxispm.testcases.User@200a26bc]" started-at="2021-02-24T22:34:24Z" name="getUserDetails" finished-at="2021-02-24T22:34:24Z" duration-ms="419" status="PASS">
          <reporter-output>
          </reporter-output>
        </test-method> <!-- getUserDetails -->
      </class> <!-- com.pyxispm.testcases.User -->
      <class name="com.pyxispm.testcases.Client">
        <test-method signature="Client()[pri:0, instance:com.pyxispm.testcases.Client@655a5d9c]" started-at="2021-02-24T22:34:24Z" name="Client" finished-at="2021-02-24T22:34:27Z" duration-ms="3217" status="PASS">
          <reporter-output>
          </reporter-output>
        </test-method> <!-- Client -->
      </class> <!-- com.pyxispm.testcases.Client -->
      <class name="com.pyxispm.testcases.AvailableBreakdown">
        <test-method signature="AvailableBreakdown()[pri:0, instance:com.pyxispm.testcases.AvailableBreakdown@34abdee4]" started-at="2021-02-24T22:34:27Z" name="AvailableBreakdown" finished-at="2021-02-24T22:34:28Z" duration-ms="242" status="PASS">
          <reporter-output>
          </reporter-output>
        </test-method> <!-- AvailableBreakdown -->
      </class> <!-- com.pyxispm.testcases.AvailableBreakdown -->
      <class name="com.pyxispm.testcases.GetMediaPlan">
        <test-method signature="getMediaPlan()[pri:0, instance:com.pyxispm.testcases.GetMediaPlan@1b5bc39d]" started-at="2021-02-24T22:34:22Z" name="getMediaPlan" finished-at="2021-02-24T22:34:24Z" duration-ms="1509" status="PASS">
          <reporter-output>
          </reporter-output>
        </test-method> <!-- getMediaPlan -->
      </class> <!-- com.pyxispm.testcases.GetMediaPlan -->
      <class name="com.pyxispm.testcases.Login">
        <test-method signature="Login()[pri:1, instance:com.pyxispm.testcases.Login@bc57b40]" started-at="2021-02-24T22:34:28Z" name="Login" finished-at="2021-02-24T22:34:29Z" duration-ms="867" status="PASS">
          <reporter-output>
          </reporter-output>
        </test-method> <!-- Login -->
      </class> <!-- com.pyxispm.testcases.Login -->
      <class name="com.pyxispm.testcases.CampaignSetupFormConfig">
        <test-method signature="CampaignSetupFormConfig()[pri:0, instance:com.pyxispm.testcases.CampaignSetupFormConfig@1494b84d]" started-at="2021-02-24T22:34:27Z" name="CampaignSetupFormConfig" finished-at="2021-02-24T22:34:27Z" duration-ms="270" status="PASS">
          <reporter-output>
          </reporter-output>
        </test-method> <!-- CampaignSetupFormConfig -->
      </class> <!-- com.pyxispm.testcases.CampaignSetupFormConfig -->
      <class name="com.pyxispm.testcases.SyncAdAccount">
        <test-method is-config="true" signature="setUp()[pri:0, instance:com.pyxispm.testcases.SyncAdAccount@27eb3298]" started-at="2021-02-24T22:34:20Z" name="setUp" finished-at="2021-02-24T22:34:21Z" duration-ms="534" status="PASS">
          <reporter-output>
          </reporter-output>
        </test-method> <!-- setUp -->
        <test-method signature="SyncAdAccount()[pri:0, instance:com.pyxispm.testcases.SyncAdAccount@27eb3298]" started-at="2021-02-24T22:34:21Z" name="SyncAdAccount" finished-at="2021-02-24T22:34:22Z" duration-ms="1306" status="PASS">
          <reporter-output>
          </reporter-output>
        </test-method> <!-- SyncAdAccount -->
        <test-method is-config="true" signature="tearDown()[pri:0, instance:com.pyxispm.testcases.SyncAdAccount@27eb3298]" started-at="2021-02-24T22:34:29Z" name="tearDown" finished-at="2021-02-24T22:34:29Z" duration-ms="0" status="PASS">
          <reporter-output>
          </reporter-output>
        </test-method> <!-- tearDown -->
      </class> <!-- com.pyxispm.testcases.SyncAdAccount -->
    </test> <!-- Test -->
  </suite> <!-- Suite -->
</testng-results>
