<?xml version="1.0" encoding="UTF-8"?>
<!-- Generated by org.testng.reporters.JUnitXMLReporter -->
<testsuite ignored="10" hostname="LAPTOP-U0M1SLEU" failures="0" tests="7" name="Test" time="7.857" errors="0" timestamp="24 Feb 2021 17:04:29 GMT">
  <testcase classname="com.pyxispm.testcases.SyncAdAccount" name="SyncAdAccount" time="1.306"/>
  <testcase classname="com.pyxispm.testcases.GetMediaPlan" name="getMediaPlan" time="1.509"/>
  <testcase classname="com.pyxispm.testcases.User" name="getUserDetails" time="0.419"/>
  <testcase classname="com.pyxispm.testcases.Client" name="Client" time="3.217"/>
  <testcase classname="com.pyxispm.testcases.CampaignSetupFormConfig" name="CampaignSetupFormConfig" time="0.27"/>
  <testcase classname="com.pyxispm.testcases.AvailableBreakdown" name="AvailableBreakdown" time="0.242"/>
  <testcase classname="com.pyxispm.testcases.Login" name="Login" time="0.867"/>
  <testcase classname="com.pyxispm.setUp.BaseTest" name="@BeforeSuite setUp" time="0.0">
    <ignored/>
  </testcase> <!-- @BeforeSuite setUp -->
  <testcase classname="com.pyxispm.setUp.BaseTest" name="@BeforeSuite setUp" time="0.0">
    <ignored/>
  </testcase> <!-- @BeforeSuite setUp -->
  <testcase classname="com.pyxispm.setUp.BaseTest" name="@BeforeSuite setUp" time="0.0">
    <ignored/>
  </testcase> <!-- @BeforeSuite setUp -->
  <testcase classname="com.pyxispm.setUp.BaseTest" name="@BeforeSuite setUp" time="0.0">
    <ignored/>
  </testcase> <!-- @BeforeSuite setUp -->
  <testcase classname="com.pyxispm.setUp.BaseTest" name="@BeforeSuite setUp" time="0.0">
    <ignored/>
  </testcase> <!-- @BeforeSuite setUp -->
  <testcase classname="com.pyxispm.setUp.BaseTest" name="@AfterSuite tearDown" time="0.0">
    <ignored/>
  </testcase> <!-- @AfterSuite tearDown -->
  <testcase classname="com.pyxispm.setUp.BaseTest" name="@AfterSuite tearDown" time="0.0">
    <ignored/>
  </testcase> <!-- @AfterSuite tearDown -->
  <testcase classname="com.pyxispm.setUp.BaseTest" name="@AfterSuite tearDown" time="0.0">
    <ignored/>
  </testcase> <!-- @AfterSuite tearDown -->
  <testcase classname="com.pyxispm.setUp.BaseTest" name="@AfterSuite tearDown" time="0.0">
    <ignored/>
  </testcase> <!-- @AfterSuite tearDown -->
  <testcase classname="com.pyxispm.setUp.BaseTest" name="@AfterSuite tearDown" time="0.0">
    <ignored/>
  </testcase> <!-- @AfterSuite tearDown -->
</testsuite> <!-- Test -->
